INFO:04/14/2021 09:33:06 PM Scripting started
CRITICAL:04/14/2021 09:33:06 PM must be str, not NoneType
INFO:04/14/2021 09:33:06 PM Program ended
INFO:04/14/2021 09:33:31 PM Scripting started
INFO:04/14/2021 09:33:32 PM API Response Code - <Response [200]>
INFO:04/14/2021 09:33:32 PM Program ended
INFO:04/14/2021 09:33:40 PM Scripting started
INFO:04/14/2021 09:33:40 PM API Response Code - <Response [200]>
INFO:04/14/2021 09:33:40 PM Program ended
INFO:04/14/2021 09:33:48 PM Scripting started
INFO:04/14/2021 09:33:48 PM API Response Code - <Response [200]>
INFO:04/14/2021 09:33:48 PM Program ended
INFO:04/14/2021 09:35:54 PM Scripting started
INFO:04/14/2021 09:35:54 PM API Response Code - <Response [200]>
INFO:04/14/2021 09:35:54 PM Program ended
INFO:04/14/2021 09:37:23 PM Scripting started
CRITICAL:04/14/2021 09:37:24 PM division by zero
INFO:04/14/2021 09:37:24 PM Program ended
INFO:04/14/2021 09:37:39 PM Scripting started
CRITICAL:04/14/2021 09:37:39 PM division by zero
INFO:04/14/2021 09:37:39 PM Program ended
INFO:04/14/2021 09:37:51 PM Scripting started
CRITICAL:04/14/2021 09:37:51 PM division by zero
INFO:04/14/2021 09:37:51 PM Program ended
